<html>
<body>
<pre>
<h1>µVision Build Log</h1>
<h2>Tool Versions:</h2>
IDE-Version: µVision V5.27.1.0
Copyright (C) 2019 ARM Ltd and ARM Germany GmbH. All rights reserved.
License Information: Nikhil Subramanian, VIT, LIC=----
 
Tool Versions:
Toolchain:       PK51 Prof. Develpers Kit  Version: 9.60.0.0
Toolchain Path:  F:\Keil MicroVision\C51\BIN
C Compiler:      C51.exe V9.60.0.0
Assembler:       A51.exe V8.2.7.0
Linker/Locator:  BL51.exe V6.22.2.0
Library Manager: LIB51.exe V4.30.1.0
Hex Converter:   OH51.exe V2.7.0.0
CPU DLL:         S8051.DLL V3.122.0.0
Dialog DLL:      DP51.DLL V2.67.0.0 
<h2>Project:</h2>
G:\Projects\SEM 5\Micro-Controller\Project programs\Micro_proj.uvproj
Project File Date:  10/05/2020

<h2>Output:</h2>
Build target 'Target 1'
compiling test.c...
test.c(240): error C141: syntax error near '{', expected 'hdata'
test.c(241): error C231: 'LCD': redefinition
test.c(241): error C202: 'c': undefined identifier
test.c(241): error C231: 'LCD': redefinition
test.c(242): error C231: 'rs': redefinition
test.c(242): error C231: 'rs': redefinition
test.c(243): error C231: 'en': redefinition
test.c(243): error C231: 'en': redefinition
test.c(244): error C141: syntax error near '10', expected 'bit'
test.c(244): error C231: '_msdelay': redefinition
test.c(245): error C279: 'en': multiple initialization
test.c(245): error C231: 'en': redefinition
test.c(245): error C231: 'en': redefinition
test.c(246): error C141: syntax error near '}', expected 'hdata'
Target not created.
Build Time Elapsed:  00:00:00
</pre>
</body>
</html>
